<?xml version="1.0" encoding="UTF-8"?>
<!-- Generated by org.testng.reporters.JUnitReportReporter -->
<testsuite hostname="SanjayBabu" failures="0" tests="2" name="com.crm.autodesk.contactsTest.CancelButtonsEnableOrNot" time="9.262" errors="1" timestamp="2022-02-28T13:15:59 IST" skipped="1">
  <testcase classname="com.crm.autodesk.contactsTest.CancelButtonsEnableOrNot" name="cancelButtonsEnabledOrNotTest" time="0.000">
    <skipped/>
  </testcase> <!-- cancelButtonsEnabledOrNotTest -->
  <system-out/>
  <testcase classname="com.crm.autodesk.contactsTest.CancelButtonsEnableOrNot" name="launchBrowser" time="9.262">
    <error message="session not created: This version of ChromeDriver only supports Chrome version 96
Current browser version is 98.0.4758.102 with binary path C:\Program Files\Google\Chrome\Application\chrome.exe
Build info: version: &#039;3.141.59&#039;, revision: &#039;e82be7d358&#039;, time: &#039;2018-11-14T08:17:03&#039;
System info: host: &#039;SANJAYBABU&#039;, ip: &#039;192.168.43.46&#039;, os.name: &#039;Windows 8.1&#039;, os.arch: &#039;amd64&#039;, os.version: &#039;6.3&#039;, java.version: &#039;16.0.1&#039;
Driver info: driver.version: ChromeDriver
remote stacktrace: Backtrace:
	Ordinal0 [0x005E6903+2517251]
	Ordinal0 [0x0057F8E1+2095329]
	Ordinal0 [0x00482848+1058888]
	Ordinal0 [0x004A0B9D+1182621]
	Ordinal0 [0x0049CA60+1165920]
	Ordinal0 [0x0049A2CF+1155791]
	Ordinal0 [0x004CAAAF+1354415]
	Ordinal0 [0x004CA71A+1353498]
	Ordinal0 [0x004C639B+1336219]
	Ordinal0 [0x004A27A7+1189799]
	Ordinal0 [0x004A3609+1193481]
	GetHandleVerifier [0x00775904+1577972]
	GetHandleVerifier [0x00820B97+2279047]
	GetHandleVerifier [0x00676D09+534521]
	GetHandleVerifier [0x00675DB9+530601]
	Ordinal0 [0x00584FF9+2117625]
	Ordinal0 [0x005898A8+2136232]
	Ordinal0 [0x005899E2+2136546]
	Ordinal0 [0x00593541+2176321]
	BaseThreadInitThunk [0x765E6A14+36]
	RtlInitializeExceptionChain [0x7775A9EF+143]
	RtlInitializeExceptionChain [0x7775A9BA+90]
" type="org.openqa.selenium.SessionNotCreatedException">
      <![CDATA[org.openqa.selenium.SessionNotCreatedException: session not created: This version of ChromeDriver only supports Chrome version 96
Current browser version is 98.0.4758.102 with binary path C:\Program Files\Google\Chrome\Application\chrome.exe
Build info: version: '3.141.59', revision: 'e82be7d358', time: '2018-11-14T08:17:03'
System info: host: 'SANJAYBABU', ip: '192.168.43.46', os.name: 'Windows 8.1', os.arch: 'amd64', os.version: '6.3', java.version: '16.0.1'
Driver info: driver.version: ChromeDriver
remote stacktrace: Backtrace:
Ordinal0 [0x005E6903+2517251]
Ordinal0 [0x0057F8E1+2095329]
Ordinal0 [0x00482848+1058888]
Ordinal0 [0x004A0B9D+1182621]
Ordinal0 [0x0049CA60+1165920]
Ordinal0 [0x0049A2CF+1155791]
Ordinal0 [0x004CAAAF+1354415]
Ordinal0 [0x004CA71A+1353498]
Ordinal0 [0x004C639B+1336219]
Ordinal0 [0x004A27A7+1189799]
Ordinal0 [0x004A3609+1193481]
GetHandleVerifier [0x00775904+1577972]
GetHandleVerifier [0x00820B97+2279047]
GetHandleVerifier [0x00676D09+534521]
GetHandleVerifier [0x00675DB9+530601]
Ordinal0 [0x00584FF9+2117625]
Ordinal0 [0x005898A8+2136232]
Ordinal0 [0x005899E2+2136546]
Ordinal0 [0x00593541+2176321]
BaseThreadInitThunk [0x765E6A14+36]
RtlInitializeExceptionChain [0x7775A9EF+143]
RtlInitializeExceptionChain [0x7775A9BA+90]

at java.base/jdk.internal.reflect.NativeConstructorAccessorImpl.newInstance0(Native Method)
at java.base/jdk.internal.reflect.NativeConstructorAccessorImpl.newInstance(NativeConstructorAccessorImpl.java:78)
at java.base/jdk.internal.reflect.DelegatingConstructorAccessorImpl.newInstance(DelegatingConstructorAccessorImpl.java:45)
at java.base/java.lang.reflect.Constructor.newInstanceWithCaller(Constructor.java:499)
at java.base/java.lang.reflect.Constructor.newInstance(Constructor.java:480)
at org.openqa.selenium.remote.W3CHandshakeResponse.lambda$errorHandler$0(W3CHandshakeResponse.java:62)
at org.openqa.selenium.remote.HandshakeResponse.lambda$getResponseFunction$0(HandshakeResponse.java:30)
at org.openqa.selenium.remote.ProtocolHandshake.lambda$createSession$0(ProtocolHandshake.java:126)
at java.base/java.util.stream.ReferencePipeline$3$1.accept(ReferencePipeline.java:197)
at java.base/java.util.Spliterators$ArraySpliterator.tryAdvance(Spliterators.java:958)
at java.base/java.util.stream.ReferencePipeline.forEachWithCancel(ReferencePipeline.java:129)
at java.base/java.util.stream.AbstractPipeline.copyIntoWithCancel(AbstractPipeline.java:502)
at java.base/java.util.stream.AbstractPipeline.copyInto(AbstractPipeline.java:488)
at java.base/java.util.stream.AbstractPipeline.wrapAndCopyInto(AbstractPipeline.java:474)
at java.base/java.util.stream.FindOps$FindOp.evaluateSequential(FindOps.java:150)
at java.base/java.util.stream.AbstractPipeline.evaluate(AbstractPipeline.java:234)
at java.base/java.util.stream.ReferencePipeline.findFirst(ReferencePipeline.java:647)
at org.openqa.selenium.remote.ProtocolHandshake.createSession(ProtocolHandshake.java:128)
at org.openqa.selenium.remote.ProtocolHandshake.createSession(ProtocolHandshake.java:74)
at org.openqa.selenium.remote.HttpCommandExecutor.execute(HttpCommandExecutor.java:136)
at org.openqa.selenium.remote.service.DriverCommandExecutor.execute(DriverCommandExecutor.java:83)
at org.openqa.selenium.remote.RemoteWebDriver.execute(RemoteWebDriver.java:552)
at org.openqa.selenium.remote.RemoteWebDriver.startSession(RemoteWebDriver.java:213)
at org.openqa.selenium.remote.RemoteWebDriver.<init>(RemoteWebDriver.java:131)
at org.openqa.selenium.chrome.ChromeDriver.<init>(ChromeDriver.java:181)
at org.openqa.selenium.chrome.ChromeDriver.<init>(ChromeDriver.java:168)
at org.openqa.selenium.chrome.ChromeDriver.<init>(ChromeDriver.java:123)
at com.crm.autodesk.genericUtility.BaseClass.launchBrowser(BaseClass.java:39)
at java.base/jdk.internal.reflect.NativeMethodAccessorImpl.invoke0(Native Method)
at java.base/jdk.internal.reflect.NativeMethodAccessorImpl.invoke(NativeMethodAccessorImpl.java:78)
at java.base/jdk.internal.reflect.DelegatingMethodAccessorImpl.invoke(DelegatingMethodAccessorImpl.java:43)
at java.base/java.lang.reflect.Method.invoke(Method.java:567)
at org.testng.internal.MethodInvocationHelper.invokeMethod(MethodInvocationHelper.java:133)
at org.testng.internal.MethodInvocationHelper.invokeMethodConsideringTimeout(MethodInvocationHelper.java:62)
at org.testng.internal.ConfigInvoker.invokeConfigurationMethod(ConfigInvoker.java:385)
at org.testng.internal.ConfigInvoker.invokeConfigurations(ConfigInvoker.java:321)
at org.testng.internal.TestMethodWorker.invokeBeforeClassMethods(TestMethodWorker.java:176)
at org.testng.internal.TestMethodWorker.run(TestMethodWorker.java:122)
at java.base/java.util.ArrayList.forEach(ArrayList.java:1511)
at org.testng.TestRunner.privateRun(TestRunner.java:794)
at org.testng.TestRunner.run(TestRunner.java:596)
at org.testng.SuiteRunner.runTest(SuiteRunner.java:377)
at org.testng.SuiteRunner.runSequentially(SuiteRunner.java:371)
at org.testng.SuiteRunner.privateRun(SuiteRunner.java:332)
at org.testng.SuiteRunner.run(SuiteRunner.java:276)
at org.testng.SuiteRunnerWorker.runSuite(SuiteRunnerWorker.java:53)
at org.testng.SuiteRunnerWorker.run(SuiteRunnerWorker.java:96)
at org.testng.TestNG.runSuitesSequentially(TestNG.java:1212)
at org.testng.TestNG.runSuitesLocally(TestNG.java:1134)
at org.testng.TestNG.runSuites(TestNG.java:1063)
at org.testng.TestNG.run(TestNG.java:1031)
at org.testng.remote.AbstractRemoteTestNG.run(AbstractRemoteTestNG.java:115)
at org.testng.remote.RemoteTestNG.initAndRun(RemoteTestNG.java:251)
at org.testng.remote.RemoteTestNG.main(RemoteTestNG.java:77)
]]>
    </error>
  </testcase> <!-- launchBrowser -->
  <system-out/>
</testsuite> <!-- com.crm.autodesk.contactsTest.CancelButtonsEnableOrNot -->
